{
  "stats": {
    "suites": 1,
    "tests": 2,
    "passes": 2,
    "pending": 0,
    "failures": 0,
    "start": "2024-07-03T19:42:40.407Z",
    "end": "2024-07-03T19:43:44.916Z",
    "duration": 64509,
    "testsRegistered": 2,
    "passPercent": 100,
    "pendingPercent": 0,
    "other": 0,
    "hasOther": false,
    "skipped": 0,
    "hasSkipped": false
  },
  "results": [
    {
      "uuid": "7bd4b602-c6c6-4519-91a8-4a8539d2b836",
      "title": "",
      "fullFile": "C:\\Users\\Hp\\Documents\\Proyecto - Ing3\\Partidos_de_Futbol\\Integration_test\\fifa_test.js",
      "file": "\\fifa_test.js",
      "beforeHooks": [],
      "afterHooks": [],
      "tests": [],
      "suites": [
        {
          "uuid": "fb1055b4-2207-457a-8283-be7baa7cbe55",
          "title": "fifa",
          "fullFile": "C:\\Users\\Hp\\Documents\\Proyecto - Ing3\\Partidos_de_Futbol\\Integration_test\\fifa_test.js",
          "file": "\\fifa_test.js",
          "beforeHooks": [
            {
              "title": "\"before all\" hook: codeceptjs.beforeSuite in \"fifa\"",
              "fullTitle": "fifa \"before all\" hook: codeceptjs.beforeSuite in \"fifa\"",
              "timedOut": false,
              "duration": 474,
              "state": null,
              "speed": null,
              "pass": false,
              "fail": false,
              "pending": false,
              "context": null,
              "code": "scenario.suiteSetup(suite)",
              "err": {},
              "uuid": "c342d8cf-9701-4dbe-ab21-3e388f05c06c",
              "parentUUID": "fb1055b4-2207-457a-8283-be7baa7cbe55",
              "isHook": true,
              "skipped": false
            },
            {
              "title": "\"before each\" hook: codeceptjs.before in \"fifa\"",
              "fullTitle": "fifa \"before each\" hook: codeceptjs.before in \"fifa\"",
              "timedOut": false,
              "duration": 664,
              "state": null,
              "speed": null,
              "pass": false,
              "fail": false,
              "pending": false,
              "context": null,
              "code": "scenario.setup(suite)",
              "err": {},
              "uuid": "6cab85de-46fe-42fe-aaa2-380528adc9f3",
              "parentUUID": "fb1055b4-2207-457a-8283-be7baa7cbe55",
              "isHook": true,
              "skipped": false
            }
          ],
          "afterHooks": [
            {
              "title": "\"after all\" hook: codeceptjs.afterSuite in \"fifa\"",
              "fullTitle": "fifa \"after all\" hook: codeceptjs.afterSuite in \"fifa\"",
              "timedOut": false,
              "duration": 0,
              "state": null,
              "speed": null,
              "pass": false,
              "fail": false,
              "pending": false,
              "context": null,
              "code": "scenario.suiteTeardown(suite)",
              "err": {},
              "uuid": "add62ac4-888d-4ce5-99df-8ec38372a091",
              "parentUUID": "fb1055b4-2207-457a-8283-be7baa7cbe55",
              "isHook": true,
              "skipped": false
            },
            {
              "title": "\"after each\" hook: finalize codeceptjs in \"fifa\"",
              "fullTitle": "fifa \"after each\" hook: finalize codeceptjs in \"fifa\"",
              "timedOut": false,
              "duration": 110,
              "state": null,
              "speed": null,
              "pass": false,
              "fail": false,
              "pending": false,
              "context": null,
              "code": "scenario.teardown(suite)",
              "err": {},
              "uuid": "64d17934-1bef-41f4-869f-1c95e63db4cc",
              "parentUUID": "fb1055b4-2207-457a-8283-be7baa7cbe55",
              "isHook": true,
              "skipped": false
            }
          ],
          "tests": [
            {
              "title": "Creacion de Torneos",
              "fullTitle": "fifa: Creacion de Torneos",
              "timedOut": false,
              "duration": 13207,
              "state": "passed",
              "speed": "slow",
              "pass": true,
              "fail": false,
              "pending": false,
              "context": null,
              "code": "I }) => {\n    I.amOnPage('http://localhost:3000/torneos');\n    I.see('Creacion de Ediciones de Torneos');\n    // Abre el desplegable y selecciona la opción deseada\n    I.click('select[name=\"id_torneo\"]');\n    I.selectOption('select[name=\"id_torneo\"]', 'Copa Sudamericana'); // Ajusta el texto según el valor correcto\n    // Rellena los otros campos\n    I.fillField('input[name=\"anio\"]', '2025');\n    I.fillField('input[name=\"sede_final\"]', 'Cordoba');\n    \n    // Clic en Crear Torneo\n    I.click('button[type=\"submit\"]');\n    I.wait(10);",
              "err": {},
              "uuid": "55a165de-5acb-4315-902c-48cf316a5a99",
              "parentUUID": "fb1055b4-2207-457a-8283-be7baa7cbe55",
              "isHook": false,
              "skipped": false
            },
            {
              "title": "Carga de países y selección de equipos por país",
              "fullTitle": "fifa: Carga de países y selección de equipos por país",
              "timedOut": false,
              "duration": 49140,
              "state": "passed",
              "speed": "slow",
              "pass": true,
              "fail": false,
              "pending": false,
              "context": null,
              "code": "I }) => {\n    I.amOnPage('/');\n    I.seeElement('.paises');\n  \n    // Hacer clic en cada botón de país y verificar que los equipos se cargan\n    const paises = [\n      'Argentina',\n      'Brasil',\n      'Uruguay',\n      'Colombia',\n      'Chile',\n      'Peru',\n      'Ecuador',\n      'Paraguay',\n      'Venezuela'\n    ];\n  \n    for (const pais of paises) {\n      I.click(`button:has-text(\"${pais}\")`);\n      I.waitForElement('.Equipos', 10);\n      I.seeElement('.Equipos div');\n      I.wait(5); // Espera 5 segundos para ver los equipos antes de pasar al siguiente país\n    }",
              "err": {},
              "uuid": "48615578-25fd-4c54-b9e6-f65869058930",
              "parentUUID": "fb1055b4-2207-457a-8283-be7baa7cbe55",
              "isHook": false,
              "skipped": false
            }
          ],
          "suites": [],
          "passes": [
            "55a165de-5acb-4315-902c-48cf316a5a99",
            "48615578-25fd-4c54-b9e6-f65869058930"
          ],
          "failures": [],
          "pending": [],
          "skipped": [],
          "duration": 62347,
          "root": false,
          "rootEmpty": false,
          "_timeout": 0
        }
      ],
      "passes": [],
      "failures": [],
      "pending": [],
      "skipped": [],
      "duration": 0,
      "root": true,
      "rootEmpty": true,
      "_timeout": 0
    }
  ],
  "meta": {
    "mocha": {
      "version": "10.4.0"
    },
    "mochawesome": {
      "options": {
        "quiet": false,
        "reportFilename": "mochawesome-report",
        "saveHtml": true,
        "saveJson": true,
        "consoleReporter": "spec",
        "useInlineDiffs": false,
        "code": true
      },
      "version": "7.1.3"
    },
    "marge": {
      "options": {
        "reportDir": "./output",
        "reportFilename": "mochawesome-report"
      },
      "version": "6.2.0"
    }
  }
}