{
  "stats": {
    "suites": 1,
    "tests": 1,
    "passes": 0,
    "pending": 0,
    "failures": 1,
    "start": "2024-07-01T23:54:17.375Z",
    "end": "2024-07-01T23:54:22.935Z",
    "duration": 5560,
    "testsRegistered": 1,
    "passPercent": 0,
    "pendingPercent": 0,
    "other": 0,
    "hasOther": false,
    "skipped": 0,
    "hasSkipped": false
  },
  "results": [
    {
      "uuid": "3ad35510-41c0-4234-9e1f-741985e5c2ed",
      "title": "",
      "fullFile": "C:\\Users\\Hp\\Documents\\Proyecto - Ing3\\Partidos_de_Futbol\\Integration_test\\fifa_test.js",
      "file": "\\fifa_test.js",
      "beforeHooks": [],
      "afterHooks": [],
      "tests": [],
      "suites": [
        {
          "uuid": "d8f13abe-d631-46b3-8f62-6c16f5639e21",
          "title": "fifa",
          "fullFile": "C:\\Users\\Hp\\Documents\\Proyecto - Ing3\\Partidos_de_Futbol\\Integration_test\\fifa_test.js",
          "file": "\\fifa_test.js",
          "beforeHooks": [
            {
              "title": "\"before all\" hook: codeceptjs.beforeSuite in \"fifa\"",
              "fullTitle": "fifa \"before all\" hook: codeceptjs.beforeSuite in \"fifa\"",
              "timedOut": false,
              "duration": 1103,
              "state": null,
              "speed": null,
              "pass": false,
              "fail": false,
              "pending": false,
              "context": null,
              "code": "scenario.suiteSetup(suite)",
              "err": {},
              "uuid": "3ab7379c-b689-456e-8f45-50e72ebd89a3",
              "parentUUID": "d8f13abe-d631-46b3-8f62-6c16f5639e21",
              "isHook": true,
              "skipped": false
            },
            {
              "title": "\"before each\" hook: codeceptjs.before in \"fifa\"",
              "fullTitle": "fifa \"before each\" hook: codeceptjs.before in \"fifa\"",
              "timedOut": false,
              "duration": 940,
              "state": null,
              "speed": null,
              "pass": false,
              "fail": false,
              "pending": false,
              "context": null,
              "code": "scenario.setup(suite)",
              "err": {},
              "uuid": "b86925c3-81f0-4adb-9baf-6d9a861bb37b",
              "parentUUID": "d8f13abe-d631-46b3-8f62-6c16f5639e21",
              "isHook": true,
              "skipped": false
            }
          ],
          "afterHooks": [
            {
              "title": "\"after all\" hook: codeceptjs.afterSuite in \"fifa\"",
              "fullTitle": "fifa \"after all\" hook: codeceptjs.afterSuite in \"fifa\"",
              "timedOut": false,
              "duration": 0,
              "state": null,
              "speed": null,
              "pass": false,
              "fail": false,
              "pending": false,
              "context": null,
              "code": "scenario.suiteTeardown(suite)",
              "err": {},
              "uuid": "35fc7024-1609-4325-ab7b-469d0243665a",
              "parentUUID": "d8f13abe-d631-46b3-8f62-6c16f5639e21",
              "isHook": true,
              "skipped": false
            },
            {
              "title": "\"after each\" hook: finalize codeceptjs in \"fifa\"",
              "fullTitle": "fifa \"after each\" hook: finalize codeceptjs in \"fifa\"",
              "timedOut": false,
              "duration": 19,
              "state": null,
              "speed": null,
              "pass": false,
              "fail": false,
              "pending": false,
              "context": null,
              "code": "scenario.teardown(suite)",
              "err": {},
              "uuid": "bb155c75-0819-4304-897e-47fed6e90f6c",
              "parentUUID": "d8f13abe-d631-46b3-8f62-6c16f5639e21",
              "isHook": true,
              "skipped": false
            }
          ],
          "tests": [
            {
              "title": "Creacion de Torneos",
              "fullTitle": "fifa: Creacion de Torneos",
              "timedOut": false,
              "duration": 3455,
              "state": "failed",
              "speed": null,
              "pass": false,
              "fail": true,
              "pending": false,
              "context": null,
              "code": "I }) => {\n    I.amOnPage('http://localhost:3000/torneos');\n    I.see('Creacion de Ediciones de Torneos');\n    // Abre el desplegable y selecciona la opción deseada\n    I.click('select[name=\"id_torneo\"]');\n    I.selectOption('select[name=\"id_torneo\"]', 'Copa Sudamericana'); // Ajusta el texto según el valor correcto\n    // Rellena los otros campos\n    I.fillField('input[name=\"anio\"]', '2022');\n    I.fillField('input[name=\"sede_final\"]', 'Lima');\n    \n    // Clic en Crear Torneo\n    I.click('button[type=\"submit\"]');\n    \n    // Verifica que el torneo ha sido creado\n    I.see('Torneo Creado');",
              "err": {
                "message": null,
                "estack": null,
                "diff": "- EQUIPOS EDICIONES TORNEOS Creacion de Ediciones de Torneos Selecciona un Torneo Copa Libertadores Copa Sudamericana Crear Torneo Torneo creado OK\n+ Torneo Creado\n"
              },
              "uuid": "d799f1b5-8e27-4c05-8b93-d340969fa8da",
              "parentUUID": "d8f13abe-d631-46b3-8f62-6c16f5639e21",
              "isHook": false,
              "skipped": false
            }
          ],
          "suites": [],
          "passes": [],
          "failures": [
            "d799f1b5-8e27-4c05-8b93-d340969fa8da"
          ],
          "pending": [],
          "skipped": [],
          "duration": 3455,
          "root": false,
          "rootEmpty": false,
          "_timeout": 0
        }
      ],
      "passes": [],
      "failures": [],
      "pending": [],
      "skipped": [],
      "duration": 0,
      "root": true,
      "rootEmpty": true,
      "_timeout": 0
    }
  ],
  "meta": {
    "mocha": {
      "version": "10.4.0"
    },
    "mochawesome": {
      "options": {
        "quiet": false,
        "reportFilename": "mochawesome-report",
        "saveHtml": true,
        "saveJson": true,
        "consoleReporter": "spec",
        "useInlineDiffs": false,
        "code": true
      },
      "version": "7.1.3"
    },
    "marge": {
      "options": {
        "reportDir": "./output",
        "reportFilename": "mochawesome-report"
      },
      "version": "6.2.0"
    }
  }
}