{
  "stats": {
    "suites": 1,
    "tests": 2,
    "passes": 0,
    "pending": 0,
    "failures": 2,
    "start": "2024-07-05T17:18:32.038Z",
    "end": "2024-07-05T17:19:29.836Z",
    "duration": 57798,
    "testsRegistered": 2,
    "passPercent": 0,
    "pendingPercent": 0,
    "other": 0,
    "hasOther": false,
    "skipped": 0,
    "hasSkipped": false
  },
  "results": [
    {
      "uuid": "acb9ea05-9014-486c-ad2f-f1b477676ed0",
      "title": "",
      "fullFile": "C:\\Users\\Hp\\Documents\\Proyecto - Ing3\\Partidos_de_Futbol\\Integration_test\\fifa_test.js",
      "file": "\\fifa_test.js",
      "beforeHooks": [],
      "afterHooks": [],
      "tests": [],
      "suites": [
        {
          "uuid": "3605604f-1108-439a-b17e-0883d7ad30d7",
          "title": "fifa",
          "fullFile": "C:\\Users\\Hp\\Documents\\Proyecto - Ing3\\Partidos_de_Futbol\\Integration_test\\fifa_test.js",
          "file": "\\fifa_test.js",
          "beforeHooks": [
            {
              "title": "\"before all\" hook: codeceptjs.beforeSuite in \"fifa\"",
              "fullTitle": "fifa \"before all\" hook: codeceptjs.beforeSuite in \"fifa\"",
              "timedOut": false,
              "duration": 387,
              "state": null,
              "speed": null,
              "pass": false,
              "fail": false,
              "pending": false,
              "context": null,
              "code": "scenario.suiteSetup(suite)",
              "err": {},
              "uuid": "8696f668-9b91-4be4-9c2e-7fa2a64036a4",
              "parentUUID": "3605604f-1108-439a-b17e-0883d7ad30d7",
              "isHook": true,
              "skipped": false
            },
            {
              "title": "\"before each\" hook: codeceptjs.before in \"fifa\"",
              "fullTitle": "fifa \"before each\" hook: codeceptjs.before in \"fifa\"",
              "timedOut": false,
              "duration": 395,
              "state": null,
              "speed": null,
              "pass": false,
              "fail": false,
              "pending": false,
              "context": null,
              "code": "scenario.setup(suite)",
              "err": {},
              "uuid": "5853d2f0-75ef-47ba-a023-55a311e83a54",
              "parentUUID": "3605604f-1108-439a-b17e-0883d7ad30d7",
              "isHook": true,
              "skipped": false
            }
          ],
          "afterHooks": [
            {
              "title": "\"after all\" hook: codeceptjs.afterSuite in \"fifa\"",
              "fullTitle": "fifa \"after all\" hook: codeceptjs.afterSuite in \"fifa\"",
              "timedOut": false,
              "duration": 1,
              "state": null,
              "speed": null,
              "pass": false,
              "fail": false,
              "pending": false,
              "context": null,
              "code": "scenario.suiteTeardown(suite)",
              "err": {},
              "uuid": "db0393ad-9fa0-4448-99c0-b006e2da9f42",
              "parentUUID": "3605604f-1108-439a-b17e-0883d7ad30d7",
              "isHook": true,
              "skipped": false
            },
            {
              "title": "\"after each\" hook: finalize codeceptjs in \"fifa\"",
              "fullTitle": "fifa \"after each\" hook: finalize codeceptjs in \"fifa\"",
              "timedOut": false,
              "duration": 34,
              "state": null,
              "speed": null,
              "pass": false,
              "fail": false,
              "pending": false,
              "context": null,
              "code": "scenario.teardown(suite)",
              "err": {},
              "uuid": "be8d23d3-eea7-4a38-8e33-94829d4b937e",
              "parentUUID": "3605604f-1108-439a-b17e-0883d7ad30d7",
              "isHook": true,
              "skipped": false
            }
          ],
          "tests": [
            {
              "title": "Creacion de Torneos",
              "fullTitle": "fifa: Creacion de Torneos",
              "timedOut": false,
              "duration": 35097,
              "state": "failed",
              "speed": null,
              "pass": false,
              "fail": true,
              "pending": false,
              "context": null,
              "code": "I }) => {\n    I.amOnPage('http://backend-4ufveexwpa-uc.a.run.app:3000/torneos');\n    I.see('Creacion de Ediciones de Torneos');\n    // Abre el desplegable y selecciona la opción deseada\n    I.click('select[name=\"id_torneo\"]');\n    I.selectOption('select[name=\"id_torneo\"]', 'Copa Sudamericana'); // Ajusta el texto según el valor correcto\n    // Rellena los otros campos\n    I.fillField('input[name=\"anio\"]', '2025');\n    I.fillField('input[name=\"sede_final\"]', 'Cordoba');\n    \n    // Clic en Crear Torneo\n    I.click('button[type=\"submit\"]');\n    I.wait(10);",
              "err": {
                "message": "TimeoutError: page.goto: Timeout 30000ms exceeded.\nCall log:\n  - navigating to \"http://backend-4ufveexwpa-uc.a.run.app:3000/torneos\", waiting until \"load\"\n",
                "estack": "page.goto: Timeout 30000ms exceeded.\nCall log:\n  - navigating to \"http://backend-4ufveexwpa-uc.a.run.app:3000/torneos\", waiting until \"load\"\n\n    at Playwright.amOnPage (node_modules\\codeceptjs\\lib\\helper\\Playwright.js:948:21)\n    at Step.run (node_modules\\codeceptjs\\lib\\step.js:123:49)\n    at C:\\Users\\Hp\\Documents\\Proyecto - Ing3\\Partidos_de_Futbol\\Integration_test\\node_modules\\codeceptjs\\lib\\actor.js:138:23",
                "diff": null
              },
              "uuid": "220c085c-abb6-418c-93c6-322b918c3c2e",
              "parentUUID": "3605604f-1108-439a-b17e-0883d7ad30d7",
              "isHook": false,
              "skipped": false
            },
            {
              "title": "Carga de países y selección de equipos por país",
              "fullTitle": "fifa: Carga de países y selección de equipos por país",
              "timedOut": false,
              "duration": 21046,
              "state": "failed",
              "speed": null,
              "pass": false,
              "fail": true,
              "pending": false,
              "context": null,
              "code": "I }) => {\n    I.amOnPage('/');\n    I.seeElement('.paises');\n  \n    // Hacer clic en cada botón de país y verificar que los equipos se cargan\n    const paises = [\n      'Argentina',\n      'Brasil',\n      'Uruguay',\n      'Colombia',\n      'Chile',\n      'Peru',\n      'Ecuador',\n      'Paraguay',\n      'Venezuela'\n    ];\n  \n    for (const pais of paises) {\n      I.click(`button:has-text(\"${pais}\")`);\n      I.waitForElement('.Equipos', 10);\n      I.seeElement('.Equipos div');\n      I.wait(5); // Espera 5 segundos para ver los equipos antes de pasar al siguiente país\n    }",
              "err": {
                "message": "Error: page.goto: net::ERR_ABORTED; maybe frame was detached?\nCall log:\n  - navigating to \"http://backend-4ufveexwpa-uc.a.run.app:3000/\", waiting until \"load\"\n",
                "estack": "page.goto: net::ERR_ABORTED; maybe frame was detached?\nCall log:\n  - navigating to \"http://backend-4ufveexwpa-uc.a.run.app:3000/\", waiting until \"load\"\n\n    at Playwright.amOnPage (node_modules\\codeceptjs\\lib\\helper\\Playwright.js:948:21)\n    at Step.run (node_modules\\codeceptjs\\lib\\step.js:123:49)\n    at C:\\Users\\Hp\\Documents\\Proyecto - Ing3\\Partidos_de_Futbol\\Integration_test\\node_modules\\codeceptjs\\lib\\actor.js:138:23",
                "diff": null
              },
              "uuid": "842cc666-4c38-41fc-95c5-30e4ed221abf",
              "parentUUID": "3605604f-1108-439a-b17e-0883d7ad30d7",
              "isHook": false,
              "skipped": false
            }
          ],
          "suites": [],
          "passes": [],
          "failures": [
            "220c085c-abb6-418c-93c6-322b918c3c2e",
            "842cc666-4c38-41fc-95c5-30e4ed221abf"
          ],
          "pending": [],
          "skipped": [],
          "duration": 56143,
          "root": false,
          "rootEmpty": false,
          "_timeout": 0
        }
      ],
      "passes": [],
      "failures": [],
      "pending": [],
      "skipped": [],
      "duration": 0,
      "root": true,
      "rootEmpty": true,
      "_timeout": 0
    }
  ],
  "meta": {
    "mocha": {
      "version": "10.4.0"
    },
    "mochawesome": {
      "options": {
        "quiet": false,
        "reportFilename": "mochawesome-report",
        "saveHtml": true,
        "saveJson": true,
        "consoleReporter": "spec",
        "useInlineDiffs": false,
        "code": true
      },
      "version": "7.1.3"
    },
    "marge": {
      "options": {
        "reportDir": "./output",
        "reportFilename": "mochawesome-report"
      },
      "version": "6.2.0"
    }
  }
}