{
  "stats": {
    "suites": 1,
    "tests": 2,
    "passes": 2,
    "pending": 0,
    "failures": 0,
    "start": "2024-07-02T01:37:32.506Z",
    "end": "2024-07-02T01:38:38.341Z",
    "duration": 65835,
    "testsRegistered": 2,
    "passPercent": 100,
    "pendingPercent": 0,
    "other": 0,
    "hasOther": false,
    "skipped": 0,
    "hasSkipped": false
  },
  "results": [
    {
      "uuid": "3a6a9fee-a157-45dc-848a-a2df94286784",
      "title": "",
      "fullFile": "C:\\Users\\Hp\\Documents\\Proyecto - Ing3\\Partidos_de_Futbol\\Integration_test\\fifa_test.js",
      "file": "\\fifa_test.js",
      "beforeHooks": [],
      "afterHooks": [],
      "tests": [],
      "suites": [
        {
          "uuid": "52f453f2-31f7-4766-990c-8c998b1b51c2",
          "title": "fifa",
          "fullFile": "C:\\Users\\Hp\\Documents\\Proyecto - Ing3\\Partidos_de_Futbol\\Integration_test\\fifa_test.js",
          "file": "\\fifa_test.js",
          "beforeHooks": [
            {
              "title": "\"before all\" hook: codeceptjs.beforeSuite in \"fifa\"",
              "fullTitle": "fifa \"before all\" hook: codeceptjs.beforeSuite in \"fifa\"",
              "timedOut": false,
              "duration": 666,
              "state": null,
              "speed": null,
              "pass": false,
              "fail": false,
              "pending": false,
              "context": null,
              "code": "scenario.suiteSetup(suite)",
              "err": {},
              "uuid": "ab01828f-0cfa-447d-8b75-70f3b6d6b7ff",
              "parentUUID": "52f453f2-31f7-4766-990c-8c998b1b51c2",
              "isHook": true,
              "skipped": false
            },
            {
              "title": "\"before each\" hook: codeceptjs.before in \"fifa\"",
              "fullTitle": "fifa \"before each\" hook: codeceptjs.before in \"fifa\"",
              "timedOut": false,
              "duration": 1210,
              "state": null,
              "speed": null,
              "pass": false,
              "fail": false,
              "pending": false,
              "context": null,
              "code": "scenario.setup(suite)",
              "err": {},
              "uuid": "454caf48-4f00-4817-b30f-6b8076229036",
              "parentUUID": "52f453f2-31f7-4766-990c-8c998b1b51c2",
              "isHook": true,
              "skipped": false
            }
          ],
          "afterHooks": [
            {
              "title": "\"after all\" hook: codeceptjs.afterSuite in \"fifa\"",
              "fullTitle": "fifa \"after all\" hook: codeceptjs.afterSuite in \"fifa\"",
              "timedOut": false,
              "duration": 3,
              "state": null,
              "speed": null,
              "pass": false,
              "fail": false,
              "pending": false,
              "context": null,
              "code": "scenario.suiteTeardown(suite)",
              "err": {},
              "uuid": "077e8b17-62b5-416d-8e1e-36d8c25a5182",
              "parentUUID": "52f453f2-31f7-4766-990c-8c998b1b51c2",
              "isHook": true,
              "skipped": false
            },
            {
              "title": "\"after each\" hook: finalize codeceptjs in \"fifa\"",
              "fullTitle": "fifa \"after each\" hook: finalize codeceptjs in \"fifa\"",
              "timedOut": false,
              "duration": 71,
              "state": null,
              "speed": null,
              "pass": false,
              "fail": false,
              "pending": false,
              "context": null,
              "code": "scenario.teardown(suite)",
              "err": {},
              "uuid": "90969a63-f11b-4a19-a5a9-0d324a7f6159",
              "parentUUID": "52f453f2-31f7-4766-990c-8c998b1b51c2",
              "isHook": true,
              "skipped": false
            }
          ],
          "tests": [
            {
              "title": "Creacion de Torneos",
              "fullTitle": "fifa: Creacion de Torneos",
              "timedOut": false,
              "duration": 12838,
              "state": "passed",
              "speed": "slow",
              "pass": true,
              "fail": false,
              "pending": false,
              "context": null,
              "code": "I }) => {\n    I.amOnPage('http://localhost:3000/torneos');\n    I.see('Creacion de Ediciones de Torneos');\n    // Abre el desplegable y selecciona la opción deseada\n    I.click('select[name=\"id_torneo\"]');\n    I.selectOption('select[name=\"id_torneo\"]', 'Copa Sudamericana'); // Ajusta el texto según el valor correcto\n    // Rellena los otros campos\n    I.fillField('input[name=\"anio\"]', '2021');\n    I.fillField('input[name=\"sede_final\"]', 'Cordoba');\n    \n    // Clic en Crear Torneo\n    I.click('button[type=\"submit\"]');\n    I.wait(10);",
              "err": {},
              "uuid": "b8e6a62f-9c37-49cd-ba11-4f5f144b58f8",
              "parentUUID": "52f453f2-31f7-4766-990c-8c998b1b51c2",
              "isHook": false,
              "skipped": false
            },
            {
              "title": "Carga de países y selección de equipos por país",
              "fullTitle": "fifa: Carga de países y selección de equipos por país",
              "timedOut": false,
              "duration": 49233,
              "state": "passed",
              "speed": "slow",
              "pass": true,
              "fail": false,
              "pending": false,
              "context": null,
              "code": "I }) => {\n    I.amOnPage('/');\n    I.seeElement('.paises');\n  \n    // Hacer clic en cada botón de país y verificar que los equipos se cargan\n    const paises = [\n      'Argentina',\n      'Brasil',\n      'Uruguay',\n      'Colombia',\n      'Chile',\n      'Peru',\n      'Ecuador',\n      'Paraguay',\n      'Venezuela'\n    ];\n  \n    for (const pais of paises) {\n      I.click(`button:has-text(\"${pais}\")`);\n      I.waitForElement('.Equipos', 10);\n      I.seeElement('.Equipos div');\n      I.wait(5); // Espera 5 segundos para ver los equipos antes de pasar al siguiente país\n    }",
              "err": {},
              "uuid": "072a347a-cc5f-43a3-a4fb-87649caa01a3",
              "parentUUID": "52f453f2-31f7-4766-990c-8c998b1b51c2",
              "isHook": false,
              "skipped": false
            }
          ],
          "suites": [],
          "passes": [
            "b8e6a62f-9c37-49cd-ba11-4f5f144b58f8",
            "072a347a-cc5f-43a3-a4fb-87649caa01a3"
          ],
          "failures": [],
          "pending": [],
          "skipped": [],
          "duration": 62071,
          "root": false,
          "rootEmpty": false,
          "_timeout": 0
        }
      ],
      "passes": [],
      "failures": [],
      "pending": [],
      "skipped": [],
      "duration": 0,
      "root": true,
      "rootEmpty": true,
      "_timeout": 0
    }
  ],
  "meta": {
    "mocha": {
      "version": "10.4.0"
    },
    "mochawesome": {
      "options": {
        "quiet": false,
        "reportFilename": "mochawesome-report",
        "saveHtml": true,
        "saveJson": true,
        "consoleReporter": "spec",
        "useInlineDiffs": false,
        "code": true
      },
      "version": "7.1.3"
    },
    "marge": {
      "options": {
        "reportDir": "./output",
        "reportFilename": "mochawesome-report"
      },
      "version": "6.2.0"
    }
  }
}